number,value,datetime_start,datetime_complete,duration,params_learning_rate,params_n_estimators,params_subsample,system_attrs_tpe:relative_params:0,state
0,5.696121520742643,2026-09-30 20:53:06.221763,2026-09-30 20:53:06.498426,0 days 00:00:00.276663,0.061053157936408836,160,0.9802857225639665,,COMPLETE
1,5.944924295835044,2026-09-30 20:53:06.498426,2026-09-30 20:53:06.556911,0 days 00:00:00.058485,0.09340308327072934,73,0.6624074561769746,,COMPLETE
2,6.4468704511657675,2026-09-30 20:53:06.556911,2026-09-30 20:53:06.658118,0 days 00:00:00.101207,0.033494758473134406,140,0.9464704583099741,,COMPLETE
3,5.29667299179731,2026-09-30 20:53:06.658118,2026-09-30 20:53:06.768085,0 days 00:00:00.109967,0.11494985844370333,196,0.608233797718321,,COMPLETE
4,5.4296390487994035,2026-09-30 20:53:06.768085,2026-09-30 20:53:06.828254,0 days 00:00:00.060169,0.14553854298843344,77,0.6849356442713105,,COMPLETE
5,6.082507207738388,2026-09-30 20:53:06.828254,2026-09-30 20:53:06.908543,0 days 00:00:00.080289,0.042484433685853404,129,0.7216968971838151,,COMPLETE
6,5.611617307063655,2026-09-30 20:53:06.908543,2026-09-30 20:53:06.997223,0 days 00:00:00.088680,0.06807764614983679,142,0.7164916560792167,,COMPLETE
7,6.4569850127596835,2026-09-30 20:53:06.997223,2026-09-30 20:53:07.065944,0 days 00:00:00.068721,0.039088721491346144,105,0.7168578594140873,,COMPLETE
8,6.227464070105376,2026-09-30 20:53:07.066960,2026-09-30 20:53:07.126546,0 days 00:00:00.059586,0.07126582239713602,80,0.9140703845572055,,COMPLETE
9,6.306000202695056,2026-09-30 20:53:07.126546,2026-09-30 20:53:07.174443,0 days 00:00:00.047897,0.07957992095277988,57,0.836965827544817,,COMPLETE
10,5.343637608956793,2026-09-30 20:53:07.174443,2026-09-30 20:53:07.307583,0 days 00:00:00.133140,0.11142973086165871,199,0.800174566649509,"{""learning_rate"": 0.11142973086165871, ""n_estimators"": 199, ""subsample"": 0.800174566649509}",COMPLETE
11,5.2534775017608695,2026-09-30 20:53:07.307583,2026-09-30 20:53:07.430000,0 days 00:00:00.122417,0.1513549239238528,196,0.7719877130065047,"{""learning_rate"": 0.1513549239238528, ""n_estimators"": 196, ""subsample"": 0.7719877130065047}",COMPLETE
12,5.420143823199514,2026-09-30 20:53:07.430000,2026-09-30 20:53:07.532665,0 days 00:00:00.102665,0.18982666548750504,159,0.7143899521794859,"{""learning_rate"": 0.18982666548750504, ""n_estimators"": 159, ""subsample"": 0.7143899521794859}",COMPLETE
13,5.36336825598074,2026-09-30 20:53:07.533669,2026-09-30 20:53:07.635050,0 days 00:00:00.101381,0.1342835076996433,180,0.6145730160716469,"{""learning_rate"": 0.1342835076996433, ""n_estimators"": 180, ""subsample"": 0.6145730160716469}",COMPLETE
14,5.527733024066883,2026-09-30 20:53:07.635050,2026-09-30 20:53:07.776016,0 days 00:00:00.140966,0.16453218681678736,198,0.9726049555368492,"{""learning_rate"": 0.16453218681678736, ""n_estimators"": 198, ""subsample"": 0.9726049555368492}",COMPLETE
15,5.44783107196489,2026-09-30 20:53:07.776016,2026-09-30 20:53:07.887895,0 days 00:00:00.111879,0.1744906354252162,177,0.8788623593360378,"{""learning_rate"": 0.1744906354252162, ""n_estimators"": 177, ""subsample"": 0.8788623593360378}",COMPLETE
16,5.306838817690652,2026-09-30 20:53:07.887895,2026-09-30 20:53:07.998915,0 days 00:00:00.111020,0.07523711702522427,195,0.6607695236103235,"{""learning_rate"": 0.07523711702522427, ""n_estimators"": 195, ""subsample"": 0.6607695236103235}",COMPLETE
17,5.5922419823661205,2026-09-30 20:53:07.998915,2026-09-30 20:53:08.100885,0 days 00:00:00.101970,0.07484449337159971,160,0.8167265665612354,"{""learning_rate"": 0.07484449337159971, ""n_estimators"": 160, ""subsample"": 0.8167265665612354}",COMPLETE
18,5.40223989362978,2026-09-30 20:53:08.101891,2026-09-30 20:53:08.192705,0 days 00:00:00.090814,0.10160377880512865,142,0.6076799995999882,"{""learning_rate"": 0.10160377880512865, ""n_estimators"": 142, ""subsample"": 0.6076799995999882}",COMPLETE
19,5.369005008175331,2026-09-30 20:53:08.192705,2026-09-30 20:53:08.304268,0 days 00:00:00.111563,0.11676659117155148,176,0.7582758980143607,"{""learning_rate"": 0.11676659117155148, ""n_estimators"": 176, ""subsample"": 0.7582758980143607}",COMPLETE
20,5.432935019595483,2026-09-30 20:53:08.304268,2026-09-30 20:53:08.426240,0 days 00:00:00.121972,0.103546700858825,173,0.9163343192885114,"{""learning_rate"": 0.103546700858825, ""n_estimators"": 173, ""subsample"": 0.9163343192885114}",COMPLETE
21,5.368907293902466,2026-09-30 20:53:08.426240,2026-09-30 20:53:08.548326,0 days 00:00:00.122086,0.08045969161057828,196,0.6292211652580345,"{""learning_rate"": 0.08045969161057828, ""n_estimators"": 196, ""subsample"": 0.6292211652580345}",COMPLETE
22,5.403118095224247,2026-09-30 20:53:08.548326,2026-09-30 20:53:08.671967,0 days 00:00:00.123641,0.16097114001386864,198,0.7669028870858571,"{""learning_rate"": 0.16097114001386864, ""n_estimators"": 198, ""subsample"": 0.7669028870858571}",COMPLETE
23,5.421898468698608,2026-09-30 20:53:08.671967,2026-09-30 20:53:08.782471,0 days 00:00:00.110504,0.19432708256943917,198,0.637181936086675,"{""learning_rate"": 0.19432708256943917, ""n_estimators"": 198, ""subsample"": 0.637181936086675}",COMPLETE
24,5.573291107531211,2026-09-30 20:53:08.782471,2026-09-30 20:53:08.893337,0 days 00:00:00.110866,0.057770887026799306,192,0.7056261787354905,"{""learning_rate"": 0.057770887026799306, ""n_estimators"": 192, ""subsample"": 0.7056261787354905}",COMPLETE
25,5.528216635002819,2026-09-30 20:53:08.893337,2026-09-30 20:53:08.996100,0 days 00:00:00.102763,0.055861293920385094,176,0.601986118090925,"{""learning_rate"": 0.055861293920385094, ""n_estimators"": 176, ""subsample"": 0.601986118090925}",COMPLETE
26,5.324197248272304,2026-09-30 20:53:08.996100,2026-09-30 20:53:09.098434,0 days 00:00:00.102334,0.13040273151436116,149,0.8206425254795446,"{""learning_rate"": 0.13040273151436116, ""n_estimators"": 149, ""subsample"": 0.8206425254795446}",COMPLETE
27,5.157287246979743,2026-09-30 20:53:09.098434,2026-09-30 20:53:09.221611,0 days 00:00:00.123177,0.11095142531158113,195,0.6786906455095921,"{""learning_rate"": 0.11095142531158113, ""n_estimators"": 195, ""subsample"": 0.6786906455095921}",COMPLETE
28,5.073834776694824,2026-09-30 20:53:09.222624,2026-09-30 20:53:09.344616,0 days 00:00:00.121992,0.14388234221305188,194,0.6638447484189909,"{""learning_rate"": 0.14388234221305188, ""n_estimators"": 194, ""subsample"": 0.6638447484189909}",COMPLETE
29,5.164816718445534,2026-09-30 20:53:09.344616,2026-09-30 20:53:09.456690,0 days 00:00:00.112074,0.15656731290674852,190,0.6642852472419083,"{""learning_rate"": 0.15656731290674852, ""n_estimators"": 190, ""subsample"": 0.6642852472419083}",COMPLETE
30,5.255091957915462,2026-09-30 20:53:09.456690,2026-09-30 20:53:09.557722,0 days 00:00:00.101032,0.12384099740774622,151,0.671362191902623,"{""learning_rate"": 0.12384099740774622, ""n_estimators"": 151, ""subsample"": 0.671362191902623}",COMPLETE
31,5.222789165521641,2026-09-30 20:53:09.557722,2026-09-30 20:53:09.669759,0 days 00:00:00.112037,0.15785050732908956,173,0.6814155486017336,"{""learning_rate"": 0.15785050732908956, ""n_estimators"": 173, ""subsample"": 0.6814155486017336}",COMPLETE
32,5.250956722900762,2026-09-30 20:53:09.669759,2026-09-30 20:53:09.783088,0 days 00:00:00.113329,0.1295629489236361,187,0.6526891023275128,"{""learning_rate"": 0.1295629489236361, ""n_estimators"": 187, ""subsample"": 0.6526891023275128}",COMPLETE
33,5.151731025928718,2026-09-30 20:53:09.783088,2026-09-30 20:53:09.874030,0 days 00:00:00.090942,0.1800549942906656,152,0.6454961062804607,"{""learning_rate"": 0.1800549942906656, ""n_estimators"": 152, ""subsample"": 0.6454961062804607}",COMPLETE
34,5.39167102700999,2026-09-30 20:53:09.874030,2026-09-30 20:53:09.996153,0 days 00:00:00.122123,0.08375963075588455,196,0.7260655620865816,"{""learning_rate"": 0.08375963075588455, ""n_estimators"": 196, ""subsample"": 0.7260655620865816}",COMPLETE
35,5.34955778248162,2026-09-30 20:53:09.997167,2026-09-30 20:53:10.088266,0 days 00:00:00.091099,0.17133020213848593,144,0.6359773236934433,"{""learning_rate"": 0.17133020213848593, ""n_estimators"": 144, ""subsample"": 0.6359773236934433}",COMPLETE
36,5.380775076263314,2026-09-30 20:53:10.088266,2026-09-30 20:53:10.212247,0 days 00:00:00.123981,0.19815985131337038,199,0.7044954678418377,"{""learning_rate"": 0.19815985131337038, ""n_estimators"": 199, ""subsample"": 0.7044954678418377}",COMPLETE
37,5.50255113589279,2026-09-30 20:53:10.212247,2026-09-30 20:53:10.313892,0 days 00:00:00.101645,0.18975697955530407,166,0.6234834552280026,"{""learning_rate"": 0.18975697955530407, ""n_estimators"": 166, ""subsample"": 0.6234834552280026}",COMPLETE
38,5.327323159982409,2026-09-30 20:53:10.313892,2026-09-30 20:53:10.416051,0 days 00:00:00.102159,0.18980498244454147,158,0.6665970947711117,"{""learning_rate"": 0.18980498244454147, ""n_estimators"": 158, ""subsample"": 0.6665970947711117}",COMPLETE
39,5.245206805195035,2026-09-30 20:53:10.416051,2026-09-30 20:53:10.518483,0 days 00:00:00.102432,0.13840597085079753,153,0.738786944390792,"{""learning_rate"": 0.13840597085079753, ""n_estimators"": 153, ""subsample"": 0.738786944390792}",COMPLETE
