number,value,datetime_start,datetime_complete,duration,params_learning_rate,params_n_estimators,params_subsample,system_attrs_tpe:relative_params:0,state
0,5.263476737549772,2026-09-30 20:43:40.389679,2026-09-30 20:43:40.575928,0 days 00:00:00.186249,0.061053157936408836,160,0.9802857225639665,,COMPLETE
1,5.509095782463708,2026-09-30 20:43:40.575928,2026-09-30 20:43:40.667427,0 days 00:00:00.091499,0.09340308327072934,73,0.6624074561769746,,COMPLETE
2,5.990918811619178,2026-09-30 20:43:40.667427,2026-09-30 20:43:40.821156,0 days 00:00:00.153729,0.033494758473134406,140,0.9464704583099741,,COMPLETE
3,4.752135076291841,2026-09-30 20:43:40.821156,2026-09-30 20:43:41.024956,0 days 00:00:00.203800,0.11494985844370333,196,0.608233797718321,,COMPLETE
4,5.100241269518369,2026-09-30 20:43:41.024956,2026-09-30 20:43:41.103594,0 days 00:00:00.078638,0.14553854298843344,77,0.6849356442713105,,COMPLETE
5,5.669806329035109,2026-09-30 20:43:41.103594,2026-09-30 20:43:41.236539,0 days 00:00:00.132945,0.042484433685853404,129,0.7216968971838151,,COMPLETE
6,5.118648609656013,2026-09-30 20:43:41.237549,2026-09-30 20:43:41.390137,0 days 00:00:00.152588,0.06807764614983679,142,0.7164916560792167,,COMPLETE
7,6.1020520121379755,2026-09-30 20:43:41.390137,2026-09-30 20:43:41.521019,0 days 00:00:00.130882,0.039088721491346144,105,0.7168578594140873,,COMPLETE
8,5.742145594224421,2026-09-30 20:43:41.521019,2026-09-30 20:43:41.612374,0 days 00:00:00.091355,0.07126582239713602,80,0.9140703845572055,,COMPLETE
9,5.994066275528715,2026-09-30 20:43:41.612374,2026-09-30 20:43:41.681229,0 days 00:00:00.068855,0.07957992095277988,57,0.836965827544817,,COMPLETE
10,4.781799053123271,2026-09-30 20:43:41.681229,2026-09-30 20:43:41.865153,0 days 00:00:00.183924,0.11142973086165871,199,0.800174566649509,"{""learning_rate"": 0.11142973086165871, ""n_estimators"": 199, ""subsample"": 0.800174566649509}",COMPLETE
11,4.800353889010295,2026-09-30 20:43:41.865153,2026-09-30 20:43:42.061903,0 days 00:00:00.196750,0.1513549239238528,196,0.7719877130065047,"{""learning_rate"": 0.1513549239238528, ""n_estimators"": 196, ""subsample"": 0.7719877130065047}",COMPLETE
12,4.929486167102578,2026-09-30 20:43:42.061903,2026-09-30 20:43:42.249426,0 days 00:00:00.187523,0.08119798755231544,181,0.8266175324404526,"{""learning_rate"": 0.08119798755231544, ""n_estimators"": 181, ""subsample"": 0.8266175324404526}",COMPLETE
13,4.811515350328428,2026-09-30 20:43:42.249426,2026-09-30 20:43:42.437668,0 days 00:00:00.188242,0.11081389254824099,175,0.6376118972385363,"{""learning_rate"": 0.11081389254824099, ""n_estimators"": 175, ""subsample"": 0.6376118972385363}",COMPLETE
14,4.744586687761157,2026-09-30 20:43:42.437668,2026-09-30 20:43:42.680328,0 days 00:00:00.242660,0.14374879804915613,198,0.9797400819044216,"{""learning_rate"": 0.14374879804915613, ""n_estimators"": 198, ""subsample"": 0.9797400819044216}",COMPLETE
15,4.771405273831787,2026-09-30 20:43:42.680328,2026-09-30 20:43:42.896261,0 days 00:00:00.215933,0.18174064911361715,191,0.9576619516913355,"{""learning_rate"": 0.18174064911361715, ""n_estimators"": 191, ""subsample"": 0.9576619516913355}",COMPLETE
16,4.805807455615242,2026-09-30 20:43:42.896261,2026-09-30 20:43:43.051745,0 days 00:00:00.155484,0.1626228229234951,156,0.8149803026903184,"{""learning_rate"": 0.1626228229234951, ""n_estimators"": 156, ""subsample"": 0.8149803026903184}",COMPLETE
17,4.787395238174426,2026-09-30 20:43:43.051745,2026-09-30 20:43:43.236677,0 days 00:00:00.184932,0.13736084342398897,171,0.9144299083451702,"{""learning_rate"": 0.13736084342398897, ""n_estimators"": 171, ""subsample"": 0.9144299083451702}",COMPLETE
18,4.6435200534576815,2026-09-30 20:43:43.237722,2026-09-30 20:43:43.435609,0 days 00:00:00.197887,0.18448682291250332,171,0.6973613011542326,"{""learning_rate"": 0.18448682291250332, ""n_estimators"": 171, ""subsample"": 0.6973613011542326}",COMPLETE
19,4.769322853364516,2026-09-30 20:43:43.435609,2026-09-30 20:43:43.601533,0 days 00:00:00.165924,0.1864173627335818,160,0.6040617301302772,"{""learning_rate"": 0.1864173627335818, ""n_estimators"": 160, ""subsample"": 0.6040617301302772}",COMPLETE
20,4.732710165295805,2026-09-30 20:43:43.601533,2026-09-30 20:43:43.745787,0 days 00:00:00.144254,0.15281166315891168,156,0.7322343125270322,"{""learning_rate"": 0.15281166315891168, ""n_estimators"": 156, ""subsample"": 0.7322343125270322}",COMPLETE
21,4.738206587344058,2026-09-30 20:43:43.745787,2026-09-30 20:43:43.890447,0 days 00:00:00.144660,0.12134638440932302,148,0.7425608256861815,"{""learning_rate"": 0.12134638440932302, ""n_estimators"": 148, ""subsample"": 0.7425608256861815}",COMPLETE
22,4.728457131146066,2026-09-30 20:43:43.890447,2026-09-30 20:43:44.046311,0 days 00:00:00.155864,0.14913868502171213,166,0.7307151479523009,"{""learning_rate"": 0.14913868502171213, ""n_estimators"": 166, ""subsample"": 0.7307151479523009}",COMPLETE
23,4.659470980116877,2026-09-30 20:43:44.046311,2026-09-30 20:43:44.222817,0 days 00:00:00.176506,0.19849263969728217,195,0.6793642727987237,"{""learning_rate"": 0.19849263969728217, ""n_estimators"": 195, ""subsample"": 0.6793642727987237}",COMPLETE
24,4.743653949535,2026-09-30 20:43:44.222817,2026-09-30 20:43:44.398149,0 days 00:00:00.175332,0.1941420710800169,185,0.7271944643287227,"{""learning_rate"": 0.1941420710800169, ""n_estimators"": 185, ""subsample"": 0.7271944643287227}",COMPLETE
25,4.857512377574106,2026-09-30 20:43:44.398149,2026-09-30 20:43:44.573880,0 days 00:00:00.175731,0.1695805873240848,195,0.6243218157050384,"{""learning_rate"": 0.1695805873240848, ""n_estimators"": 195, ""subsample"": 0.6243218157050384}",COMPLETE
26,4.823036013281052,2026-09-30 20:43:44.573880,2026-09-30 20:43:44.718346,0 days 00:00:00.144466,0.1601610682310198,144,0.6531496276025183,"{""learning_rate"": 0.1601610682310198, ""n_estimators"": 144, ""subsample"": 0.6531496276025183}",COMPLETE
27,4.677941374327513,2026-09-30 20:43:44.718346,2026-09-30 20:43:44.872947,0 days 00:00:00.154601,0.1593461036784349,169,0.6852862533292976,"{""learning_rate"": 0.1593461036784349, ""n_estimators"": 169, ""subsample"": 0.6852862533292976}",COMPLETE
28,4.72514896913557,2026-09-30 20:43:44.872947,2026-09-30 20:43:45.017647,0 days 00:00:00.144700,0.19768233007712963,163,0.6707447136883903,"{""learning_rate"": 0.19768233007712963, ""n_estimators"": 163, ""subsample"": 0.6707447136883903}",COMPLETE
29,4.748323823543929,2026-09-30 20:43:45.017647,2026-09-30 20:43:45.182724,0 days 00:00:00.165077,0.1637180322731872,180,0.676935585048155,"{""learning_rate"": 0.1637180322731872, ""n_estimators"": 180, ""subsample"": 0.676935585048155}",COMPLETE
30,4.744164457272864,2026-09-30 20:43:45.182724,2026-09-30 20:43:45.411543,0 days 00:00:00.228819,0.1997276844508713,189,0.7974988568283891,"{""learning_rate"": 0.1997276844508713, ""n_estimators"": 189, ""subsample"": 0.7974988568283891}",COMPLETE
31,4.741546661229107,2026-09-30 20:43:45.411543,2026-09-30 20:43:45.577382,0 days 00:00:00.165839,0.19561749435824552,158,0.6877062233941795,"{""learning_rate"": 0.19561749435824552, ""n_estimators"": 158, ""subsample"": 0.6877062233941795}",COMPLETE
32,4.733367970259325,2026-09-30 20:43:45.577382,2026-09-30 20:43:45.774433,0 days 00:00:00.197051,0.1239845835657348,187,0.6847644289110357,"{""learning_rate"": 0.1239845835657348, ""n_estimators"": 187, ""subsample"": 0.6847644289110357}",COMPLETE
33,4.7659805267413695,2026-09-30 20:43:45.775439,2026-09-30 20:43:45.981944,0 days 00:00:00.206505,0.1995520193631167,179,0.6684999055483466,"{""learning_rate"": 0.1995520193631167, ""n_estimators"": 179, ""subsample"": 0.6684999055483466}",COMPLETE
34,4.7335675325508,2026-09-30 20:43:45.981944,2026-09-30 20:43:46.177339,0 days 00:00:00.195395,0.17490485417150833,170,0.7584952835987612,"{""learning_rate"": 0.17490485417150833, ""n_estimators"": 170, ""subsample"": 0.7584952835987612}",COMPLETE
35,4.772684456874192,2026-09-30 20:43:46.177339,2026-09-30 20:43:46.344904,0 days 00:00:00.167565,0.1466575590155456,162,0.6436361108229087,"{""learning_rate"": 0.1466575590155456, ""n_estimators"": 162, ""subsample"": 0.6436361108229087}",COMPLETE
36,4.74797201144043,2026-09-30 20:43:46.344904,2026-09-30 20:43:46.469160,0 days 00:00:00.124256,0.1763520301956631,133,0.7038728176748889,"{""learning_rate"": 0.1763520301956631, ""n_estimators"": 133, ""subsample"": 0.7038728176748889}",COMPLETE
37,4.908596802034251,2026-09-30 20:43:46.469160,2026-09-30 20:43:46.592518,0 days 00:00:00.123358,0.12301165841047161,136,0.662464134947201,"{""learning_rate"": 0.12301165841047161, ""n_estimators"": 136, ""subsample"": 0.662464134947201}",COMPLETE
38,4.810200964159594,2026-09-30 20:43:46.593524,2026-09-30 20:43:46.726730,0 days 00:00:00.133206,0.1378107522654976,145,0.6101942042097345,"{""learning_rate"": 0.1378107522654976, ""n_estimators"": 145, ""subsample"": 0.6101942042097345}",COMPLETE
39,4.724567528581078,2026-09-30 20:43:46.726730,2026-09-30 20:43:46.871765,0 days 00:00:00.145035,0.13834628916911976,145,0.6933243338283843,"{""learning_rate"": 0.13834628916911976, ""n_estimators"": 145, ""subsample"": 0.6933243338283843}",COMPLETE
