number,value,datetime_start,datetime_complete,duration,params_learning_rate,params_n_estimators,params_subsample,system_attrs_tpe:relative_params:0,state
0,5.263476737549772,2026-09-30 21:21:33.872384,2026-09-30 21:21:34.354786,0 days 00:00:00.482402,0.061053157936408836,160,0.9802857225639665,,COMPLETE
1,5.509095782463708,2026-09-30 21:21:34.354886,2026-09-30 21:21:34.565541,0 days 00:00:00.210655,0.09340308327072934,73,0.6624074561769746,,COMPLETE
2,5.990918811619178,2026-09-30 21:21:34.565641,2026-09-30 21:21:34.935346,0 days 00:00:00.369705,0.033494758473134406,140,0.9464704583099741,,COMPLETE
3,4.752135076291841,2026-09-30 21:21:34.935380,2026-09-30 21:21:35.344699,0 days 00:00:00.409319,0.11494985844370333,196,0.608233797718321,,COMPLETE
4,5.100241269518369,2026-09-30 21:21:35.344732,2026-09-30 21:21:35.562288,0 days 00:00:00.217556,0.14553854298843344,77,0.6849356442713105,,COMPLETE
5,5.669806329035109,2026-09-30 21:21:35.562322,2026-09-30 21:21:35.861113,0 days 00:00:00.298791,0.042484433685853404,129,0.7216968971838151,,COMPLETE
6,5.118648609656013,2026-09-30 21:21:35.861147,2026-09-30 21:21:36.190101,0 days 00:00:00.328954,0.06807764614983679,142,0.7164916560792167,,COMPLETE
7,6.1020520121379755,2026-09-30 21:21:36.190134,2026-09-30 21:21:36.439399,0 days 00:00:00.249265,0.039088721491346144,105,0.7168578594140873,,COMPLETE
8,5.742145594224421,2026-09-30 21:21:36.439433,2026-09-30 21:21:36.688269,0 days 00:00:00.248836,0.07126582239713602,80,0.9140703845572055,,COMPLETE
9,5.994066275528715,2026-09-30 21:21:36.688303,2026-09-30 21:21:36.845967,0 days 00:00:00.157664,0.07957992095277988,57,0.836965827544817,,COMPLETE
10,4.781799053123271,2026-09-30 21:21:36.846001,2026-09-30 21:21:37.319786,0 days 00:00:00.473785,0.11142973086165871,199,0.800174566649509,"{""learning_rate"": 0.11142973086165871, ""n_estimators"": 199, ""subsample"": 0.800174566649509}",COMPLETE
11,4.800353889010295,2026-09-30 21:21:37.319821,2026-09-30 21:21:37.811915,0 days 00:00:00.492094,0.1513549239238528,196,0.7719877130065047,"{""learning_rate"": 0.1513549239238528, ""n_estimators"": 196, ""subsample"": 0.7719877130065047}",COMPLETE
12,4.929486167102578,2026-09-30 21:21:37.811947,2026-09-30 21:21:38.243164,0 days 00:00:00.431217,0.08119798755231544,181,0.8266175324404526,"{""learning_rate"": 0.08119798755231544, ""n_estimators"": 181, ""subsample"": 0.8266175324404526}",COMPLETE
13,4.811515350328428,2026-09-30 21:21:38.243195,2026-09-30 21:21:38.613515,0 days 00:00:00.370320,0.11081389254824099,175,0.6376118972385363,"{""learning_rate"": 0.11081389254824099, ""n_estimators"": 175, ""subsample"": 0.6376118972385363}",COMPLETE
14,4.746962529980053,2026-09-30 21:21:38.613548,2026-09-30 21:21:39.166354,0 days 00:00:00.552806,0.14374879804915608,198,0.9797400819044216,"{""learning_rate"": 0.14374879804915608, ""n_estimators"": 198, ""subsample"": 0.9797400819044216}",COMPLETE
15,4.770530248519638,2026-09-30 21:21:39.166388,2026-09-30 21:21:39.659304,0 days 00:00:00.492916,0.18174064911361712,191,0.9576619516913355,"{""learning_rate"": 0.18174064911361712, ""n_estimators"": 191, ""subsample"": 0.9576619516913355}",COMPLETE
16,4.805807455615242,2026-09-30 21:21:39.659338,2026-09-30 21:21:40.070879,0 days 00:00:00.411541,0.1626228229234951,156,0.8149803026903184,"{""learning_rate"": 0.1626228229234951, ""n_estimators"": 156, ""subsample"": 0.8149803026903184}",COMPLETE
17,4.776846353119131,2026-09-30 21:21:40.070912,2026-09-30 21:21:40.523275,0 days 00:00:00.452363,0.13736084342398902,171,0.9144299083451704,"{""learning_rate"": 0.13736084342398902, ""n_estimators"": 171, ""subsample"": 0.9144299083451704}",COMPLETE
18,4.679518603409482,2026-09-30 21:21:40.523308,2026-09-30 21:21:40.915024,0 days 00:00:00.391716,0.1844868229125033,171,0.6973613011542326,"{""learning_rate"": 0.1844868229125033, ""n_estimators"": 171, ""subsample"": 0.6973613011542326}",COMPLETE
19,4.81733893470736,2026-09-30 21:21:40.915058,2026-09-30 21:21:41.286393,0 days 00:00:00.371335,0.18641736273358175,160,0.6040617301302771,"{""learning_rate"": 0.18641736273358175, ""n_estimators"": 160, ""subsample"": 0.6040617301302771}",COMPLETE
20,4.7581758741904485,2026-09-30 21:21:41.286425,2026-09-30 21:21:41.647585,0 days 00:00:00.361160,0.15281166315891165,156,0.7322343125270323,"{""learning_rate"": 0.15281166315891165, ""n_estimators"": 156, ""subsample"": 0.7322343125270323}",COMPLETE
21,4.823194891964842,2026-09-30 21:21:41.647617,2026-09-30 21:21:42.079263,0 days 00:00:00.431646,0.08405927762414206,196,0.6323254171043347,"{""learning_rate"": 0.08405927762414206, ""n_estimators"": 196, ""subsample"": 0.6323254171043347}",COMPLETE
22,4.733750431863596,2026-09-30 21:21:42.079296,2026-09-30 21:21:42.531527,0 days 00:00:00.452231,0.1761119042731024,200,0.6037435725506218,"{""learning_rate"": 0.1761119042731024, ""n_estimators"": 200, ""subsample"": 0.6037435725506218}",COMPLETE
23,4.8664408705607425,2026-09-30 21:21:42.531559,2026-09-30 21:21:42.842282,0 days 00:00:00.310723,0.10587944731392203,141,0.6221686920956965,"{""learning_rate"": 0.10587944731392203, ""n_estimators"": 141, ""subsample"": 0.6221686920956965}",COMPLETE
24,4.7856142859041055,2026-09-30 21:21:42.842318,2026-09-30 21:21:43.284626,0 days 00:00:00.442308,0.1965682521744001,187,0.7611020359978303,"{""learning_rate"": 0.1965682521744001, ""n_estimators"": 187, ""subsample"": 0.7611020359978303}",COMPLETE
25,4.854234945611994,2026-09-30 21:21:43.284663,2026-09-30 21:21:43.626338,0 days 00:00:00.341675,0.14072720044968268,156,0.6027957480239711,"{""learning_rate"": 0.14072720044968268, ""n_estimators"": 156, ""subsample"": 0.6027957480239711}",COMPLETE
26,4.672994122292242,2026-09-30 21:21:43.626373,2026-09-30 21:21:44.017709,0 days 00:00:00.391336,0.1793754145619722,176,0.6695724438561269,"{""learning_rate"": 0.1793754145619722, ""n_estimators"": 176, ""subsample"": 0.6695724438561269}",COMPLETE
27,4.7413792739673015,2026-09-30 21:21:44.017743,2026-09-30 21:21:44.450034,0 days 00:00:00.432291,0.16992113633399175,188,0.6638123593227387,"{""learning_rate"": 0.16992113633399175, ""n_estimators"": 188, ""subsample"": 0.6638123593227387}",COMPLETE
28,4.72566359237039,2026-09-30 21:21:44.450070,2026-09-30 21:21:44.832162,0 days 00:00:00.382092,0.12062471934503456,164,0.7335207973071509,"{""learning_rate"": 0.12062471934503456, ""n_estimators"": 164, ""subsample"": 0.7335207973071509}",COMPLETE
29,4.729180319511113,2026-09-30 21:21:44.832196,2026-09-30 21:21:45.234997,0 days 00:00:00.402801,0.14127397861778862,178,0.7128056109409181,"{""learning_rate"": 0.14127397861778862, ""n_estimators"": 178, ""subsample"": 0.7128056109409181}",COMPLETE
30,4.831094391182279,2026-09-30 21:21:45.235034,2026-09-30 21:21:45.556546,0 days 00:00:00.321512,0.12524416377709446,142,0.6908084890515356,"{""learning_rate"": 0.12524416377709446, ""n_estimators"": 142, ""subsample"": 0.6908084890515356}",COMPLETE
31,4.784001767150474,2026-09-30 21:21:45.556586,2026-09-30 21:21:45.968419,0 days 00:00:00.411833,0.13422798314459738,178,0.7690090480362048,"{""learning_rate"": 0.13422798314459738, ""n_estimators"": 178, ""subsample"": 0.7690090480362048}",COMPLETE
32,4.724488643649835,2026-09-30 21:21:45.968452,2026-09-30 21:21:46.339512,0 days 00:00:00.371060,0.1540880990103997,170,0.6586839130342019,"{""learning_rate"": 0.1540880990103997, ""n_estimators"": 170, ""subsample"": 0.6586839130342019}",COMPLETE
33,4.7066941587439866,2026-09-30 21:21:46.339546,2026-09-30 21:21:46.750942,0 days 00:00:00.411396,0.1831583637187116,171,0.6926748432204053,"{""learning_rate"": 0.1831583637187116, ""n_estimators"": 171, ""subsample"": 0.6926748432204053}",COMPLETE
34,4.739706302103658,2026-09-30 21:21:46.750974,2026-09-30 21:21:47.071843,0 days 00:00:00.320869,0.17043201029696753,136,0.747470315553779,"{""learning_rate"": 0.17043201029696753, ""n_estimators"": 136, ""subsample"": 0.747470315553779}",COMPLETE
35,4.635428882869665,2026-09-30 21:21:47.071873,2026-09-30 21:21:47.422266,0 days 00:00:00.350393,0.17839758473055214,161,0.6693660527422497,"{""learning_rate"": 0.17839758473055214, ""n_estimators"": 161, ""subsample"": 0.6693660527422497}",COMPLETE
36,4.84725746367697,2026-09-30 21:21:47.422330,2026-09-30 21:21:47.794033,0 days 00:00:00.371703,0.12797825853082123,158,0.6557210511656931,"{""learning_rate"": 0.12797825853082123, ""n_estimators"": 158, ""subsample"": 0.6557210511656931}",COMPLETE
37,4.633781248529072,2026-09-30 21:21:47.794065,2026-09-30 21:21:48.165991,0 days 00:00:00.371926,0.1914549447124224,167,0.6870825215571347,"{""learning_rate"": 0.1914549447124224, ""n_estimators"": 167, ""subsample"": 0.6870825215571347}",COMPLETE
38,4.794583499063775,2026-09-30 21:21:48.166026,2026-09-30 21:21:48.496993,0 days 00:00:00.330967,0.15532186347636148,139,0.6603365523304893,"{""learning_rate"": 0.15532186347636148, ""n_estimators"": 139, ""subsample"": 0.6603365523304893}",COMPLETE
39,4.815911672106415,2026-09-30 21:21:48.497027,2026-09-30 21:21:48.959568,0 days 00:00:00.462541,0.16419726714533026,180,0.8002504691452,"{""learning_rate"": 0.16419726714533026, ""n_estimators"": 180, ""subsample"": 0.8002504691452}",COMPLETE
