number,value,datetime_start,datetime_complete,duration,params_learning_rate,params_n_estimators,params_subsample,system_attrs_tpe:relative_params:0,state
0,5.696121520742643,2026-09-30 21:23:44.727394,2026-09-30 21:23:45.092081,0 days 00:00:00.364687,0.061053157936408836,160,0.9802857225639665,,COMPLETE
1,5.944924295835044,2026-09-30 21:23:45.092130,2026-09-30 21:23:45.221109,0 days 00:00:00.128979,0.09340308327072934,73,0.6624074561769746,,COMPLETE
2,6.4468704511657675,2026-09-30 21:23:45.221151,2026-09-30 21:23:45.470052,0 days 00:00:00.248901,0.033494758473134406,140,0.9464704583099741,,COMPLETE
3,5.29667299179731,2026-09-30 21:23:45.470106,2026-09-30 21:23:45.780588,0 days 00:00:00.310482,0.11494985844370333,196,0.608233797718321,,COMPLETE
4,5.4296390487994035,2026-09-30 21:23:45.780626,2026-09-30 21:23:45.938437,0 days 00:00:00.157811,0.14553854298843344,77,0.6849356442713105,,COMPLETE
5,6.082507207738388,2026-09-30 21:23:45.938473,2026-09-30 21:23:46.157992,0 days 00:00:00.219519,0.042484433685853404,129,0.7216968971838151,,COMPLETE
6,5.611617307063655,2026-09-30 21:23:46.158028,2026-09-30 21:23:46.386413,0 days 00:00:00.228385,0.06807764614983679,142,0.7164916560792167,,COMPLETE
7,6.4569850127596835,2026-09-30 21:23:46.386446,2026-09-30 21:23:46.564585,0 days 00:00:00.178139,0.039088721491346144,105,0.7168578594140873,,COMPLETE
8,6.227464070105376,2026-09-30 21:23:46.564647,2026-09-30 21:23:46.711605,0 days 00:00:00.146958,0.07126582239713602,80,0.9140703845572055,,COMPLETE
9,6.306000202695056,2026-09-30 21:23:46.711644,2026-09-30 21:23:46.818285,0 days 00:00:00.106641,0.07957992095277988,57,0.836965827544817,,COMPLETE
10,5.343637608956793,2026-09-30 21:23:46.818318,2026-09-30 21:23:47.180366,0 days 00:00:00.362048,0.11142973086165871,199,0.800174566649509,"{""learning_rate"": 0.11142973086165871, ""n_estimators"": 199, ""subsample"": 0.800174566649509}",COMPLETE
11,5.2534775017608695,2026-09-30 21:23:47.180403,2026-09-30 21:23:47.512215,0 days 00:00:00.331812,0.1513549239238528,196,0.7719877130065047,"{""learning_rate"": 0.1513549239238528, ""n_estimators"": 196, ""subsample"": 0.7719877130065047}",COMPLETE
12,5.420143823199514,2026-09-30 21:23:47.512255,2026-09-30 21:23:47.793933,0 days 00:00:00.281678,0.18982666548750504,159,0.7143899521794859,"{""learning_rate"": 0.18982666548750504, ""n_estimators"": 159, ""subsample"": 0.7143899521794859}",COMPLETE
13,5.36336825598074,2026-09-30 21:23:47.793968,2026-09-30 21:23:48.116443,0 days 00:00:00.322475,0.1342835076996433,180,0.6145730160716468,"{""learning_rate"": 0.1342835076996433, ""n_estimators"": 180, ""subsample"": 0.6145730160716468}",COMPLETE
14,5.528838648144864,2026-09-30 21:23:48.116482,2026-09-30 21:23:48.479290,0 days 00:00:00.362808,0.1645321868167874,198,0.9726049555368493,"{""learning_rate"": 0.1645321868167874, ""n_estimators"": 198, ""subsample"": 0.9726049555368493}",COMPLETE
15,5.423843518510834,2026-09-30 21:23:48.479326,2026-09-30 21:23:48.791648,0 days 00:00:00.312322,0.17449063542521634,177,0.8788623593360378,"{""learning_rate"": 0.17449063542521634, ""n_estimators"": 177, ""subsample"": 0.8788623593360378}",COMPLETE
16,5.333309377918199,2026-09-30 21:23:48.791683,2026-09-30 21:23:49.103375,0 days 00:00:00.311692,0.07523711702522425,195,0.6607695236103235,"{""learning_rate"": 0.07523711702522425, ""n_estimators"": 195, ""subsample"": 0.6607695236103235}",COMPLETE
17,5.557193197315752,2026-09-30 21:23:49.103422,2026-09-30 21:23:49.404789,0 days 00:00:00.301367,0.07484449337159967,160,0.8167265665612355,"{""learning_rate"": 0.07484449337159967, ""n_estimators"": 160, ""subsample"": 0.8167265665612355}",COMPLETE
18,5.40223989362978,2026-09-30 21:23:49.404825,2026-09-30 21:23:49.635846,0 days 00:00:00.231021,0.10160377880512865,142,0.6076799995999882,"{""learning_rate"": 0.10160377880512865, ""n_estimators"": 142, ""subsample"": 0.6076799995999882}",COMPLETE
19,5.369005008175331,2026-09-30 21:23:49.635882,2026-09-30 21:23:49.936402,0 days 00:00:00.300520,0.11676659117155148,176,0.7582758980143607,"{""learning_rate"": 0.11676659117155148, ""n_estimators"": 176, ""subsample"": 0.7582758980143607}",COMPLETE
20,5.432935019595483,2026-09-30 21:23:49.936439,2026-09-30 21:23:50.247507,0 days 00:00:00.311068,0.103546700858825,173,0.9163343192885114,"{""learning_rate"": 0.103546700858825, ""n_estimators"": 173, ""subsample"": 0.9163343192885114}",COMPLETE
21,5.411592812831851,2026-09-30 21:23:50.247543,2026-09-30 21:23:50.559415,0 days 00:00:00.311872,0.08045969161057824,196,0.6292211652580345,"{""learning_rate"": 0.08045969161057824, ""n_estimators"": 196, ""subsample"": 0.6292211652580345}",COMPLETE
22,5.385165479524817,2026-09-30 21:23:50.559452,2026-09-30 21:23:50.880060,0 days 00:00:00.320608,0.1609711400138687,198,0.7669028870858571,"{""learning_rate"": 0.1609711400138687, ""n_estimators"": 198, ""subsample"": 0.7669028870858571}",COMPLETE
23,5.299083441380306,2026-09-30 21:23:50.880096,2026-09-30 21:23:51.201640,0 days 00:00:00.321544,0.19432708256943923,198,0.637181936086675,"{""learning_rate"": 0.19432708256943923, ""n_estimators"": 198, ""subsample"": 0.637181936086675}",COMPLETE
24,5.399789080806381,2026-09-30 21:23:51.201679,2026-09-30 21:23:51.533345,0 days 00:00:00.331666,0.1873643041609869,189,0.6307951152295056,"{""learning_rate"": 0.1873643041609869, ""n_estimators"": 189, ""subsample"": 0.6307951152295056}",COMPLETE
25,5.486475942823669,2026-09-30 21:23:51.533382,2026-09-30 21:23:51.763411,0 days 00:00:00.230029,0.15679241848052627,142,0.6258172576917314,"{""learning_rate"": 0.15679241848052627, ""n_estimators"": 142, ""subsample"": 0.6258172576917314}",COMPLETE
26,5.308489238586591,2026-09-30 21:23:51.763447,2026-09-30 21:23:52.024567,0 days 00:00:00.261120,0.12573391075403226,154,0.714994403403826,"{""learning_rate"": 0.12573391075403226, ""n_estimators"": 154, ""subsample"": 0.714994403403826}",COMPLETE
27,5.196323735588881,2026-09-30 21:23:52.024608,2026-09-30 21:23:52.346037,0 days 00:00:00.321429,0.11262711935461818,195,0.6786906455095921,"{""learning_rate"": 0.11262711935461818, ""n_estimators"": 195, ""subsample"": 0.6786906455095921}",COMPLETE
28,5.152123407785519,2026-09-30 21:23:52.346074,2026-09-30 21:23:52.687304,0 days 00:00:00.341230,0.1453734560833704,194,0.6638447484189909,"{""learning_rate"": 0.1453734560833704, ""n_estimators"": 194, ""subsample"": 0.6638447484189909}",COMPLETE
29,5.268140244401013,2026-09-30 21:23:52.687341,2026-09-30 21:23:52.988334,0 days 00:00:00.300993,0.1792055934405837,178,0.7052338578340347,"{""learning_rate"": 0.1792055934405837, ""n_estimators"": 178, ""subsample"": 0.7052338578340347}",COMPLETE
30,5.039040961282417,2026-09-30 21:23:52.988371,2026-09-30 21:23:53.268935,0 days 00:00:00.280564,0.14659500655255472,175,0.67726658814359,"{""learning_rate"": 0.14659500655255472, ""n_estimators"": 175, ""subsample"": 0.67726658814359}",COMPLETE
31,5.323252029368516,2026-09-30 21:23:53.268971,2026-09-30 21:23:53.569879,0 days 00:00:00.300908,0.09011399668693408,183,0.7226568531399479,"{""learning_rate"": 0.09011399668693408, ""n_estimators"": 183, ""subsample"": 0.7226568531399479}",COMPLETE
32,5.303144746357341,2026-09-30 21:23:53.569917,2026-09-30 21:23:53.831412,0 days 00:00:00.261495,0.12336333302286043,150,0.6706354398706815,"{""learning_rate"": 0.12336333302286043, ""n_estimators"": 150, ""subsample"": 0.6706354398706815}",COMPLETE
33,5.20278310664643,2026-09-30 21:23:53.831450,2026-09-30 21:23:54.122932,0 days 00:00:00.291482,0.13857914270124114,181,0.680446019610484,"{""learning_rate"": 0.13857914270124114, ""n_estimators"": 181, ""subsample"": 0.680446019610484}",COMPLETE
34,5.197345019484382,2026-09-30 21:23:54.122968,2026-09-30 21:23:54.423795,0 days 00:00:00.300827,0.12375192335917133,195,0.6565608679250433,"{""learning_rate"": 0.12375192335917133, ""n_estimators"": 195, ""subsample"": 0.6565608679250433}",COMPLETE
35,5.172782921779392,2026-09-30 21:23:54.423830,2026-09-30 21:23:54.745536,0 days 00:00:00.321706,0.1267448120489198,200,0.6820983964842706,"{""learning_rate"": 0.1267448120489198, ""n_estimators"": 200, ""subsample"": 0.6820983964842706}",COMPLETE
36,5.370683209494066,2026-09-30 21:23:54.745630,2026-09-30 21:23:54.976971,0 days 00:00:00.231341,0.1562196758422337,139,0.7402739419629275,"{""learning_rate"": 0.1562196758422337, ""n_estimators"": 139, ""subsample"": 0.7402739419629275}",COMPLETE
37,5.139894883191417,2026-09-30 21:23:54.977007,2026-09-30 21:23:55.288390,0 days 00:00:00.311383,0.15019011505814595,197,0.6058253430929881,"{""learning_rate"": 0.15019011505814595, ""n_estimators"": 197, ""subsample"": 0.6058253430929881}",COMPLETE
38,5.260462798399422,2026-09-30 21:23:55.288428,2026-09-30 21:23:55.539529,0 days 00:00:00.251101,0.1357287009489764,162,0.624811865446572,"{""learning_rate"": 0.1357287009489764, ""n_estimators"": 162, ""subsample"": 0.624811865446572}",COMPLETE
39,5.146725752425527,2026-09-30 21:23:55.539564,2026-09-30 21:23:55.851077,0 days 00:00:00.311513,0.15010666542126055,197,0.6316739726870655,"{""learning_rate"": 0.15010666542126055, ""n_estimators"": 197, ""subsample"": 0.6316739726870655}",COMPLETE
